2024-01-17T12:51:26.100+09:00  INFO 9684 --- [restartedMain] com.rmsoft.RmsoftApplication             : Starting RmsoftApplication using Java 17.0.7 with PID 9684 (C:\Users\wjdal\OneDrive\바탕 화면\Workspace\Rmsoft\build\classes\java\main started by 정민 in C:\Users\wjdal\OneDrive\바탕 화면\Workspace\Rmsoft)
2024-01-17T12:51:26.106+09:00  INFO 9684 --- [restartedMain] com.rmsoft.RmsoftApplication             : No active profile set, falling back to 1 default profile: "default"
2024-01-17T12:51:26.141+09:00  INFO 9684 --- [restartedMain] .e.DevToolsPropertyDefaultsPostProcessor : Devtools property defaults active! Set 'spring.devtools.add-properties' to 'false' to disable
2024-01-17T12:51:26.141+09:00  INFO 9684 --- [restartedMain] .e.DevToolsPropertyDefaultsPostProcessor : For additional web related logging consider setting the 'logging.level.web' property to 'DEBUG'
2024-01-17T12:51:26.915+09:00  INFO 9684 --- [restartedMain] o.s.b.w.embedded.tomcat.TomcatWebServer  : Tomcat initialized with port 8080 (http)
2024-01-17T12:51:26.923+09:00  INFO 9684 --- [restartedMain] o.apache.catalina.core.StandardService   : Starting service [Tomcat]
2024-01-17T12:51:26.923+09:00  INFO 9684 --- [restartedMain] o.apache.catalina.core.StandardEngine    : Starting Servlet engine: [Apache Tomcat/10.1.17]
2024-01-17T12:51:26.957+09:00  INFO 9684 --- [restartedMain] o.a.c.c.C.[Tomcat].[localhost].[/]       : Initializing Spring embedded WebApplicationContext
2024-01-17T12:51:26.958+09:00  INFO 9684 --- [restartedMain] w.s.c.ServletWebServerApplicationContext : Root WebApplicationContext: initialization completed in 816 ms
2024-01-17T12:51:26.994+09:00  WARN 9684 --- [restartedMain] o.a.c.c.C.[Tomcat].[localhost].[/]       : Cannot deserialize session attribute [SPRING_SECURITY_CONTEXT] for session [DD9EC89BBC2310B322A3D0A229D91B22]
2024-01-17T12:51:27.433+09:00  INFO 9684 --- [restartedMain] o.s.s.web.DefaultSecurityFilterChain     : Will secure any request with [org.springframework.security.web.session.DisableEncodeUrlFilter@615c0d24, org.springframework.security.web.context.request.async.WebAsyncManagerIntegrationFilter@e3559bd, org.springframework.security.web.context.SecurityContextHolderFilter@fcaee09, org.springframework.security.web.header.HeaderWriterFilter@4430ba43, org.springframework.web.filter.CorsFilter@33ea8b21, org.springframework.security.web.authentication.logout.LogoutFilter@35f5be09, org.springframework.security.web.authentication.UsernamePasswordAuthenticationFilter@169c7cb5, org.springframework.security.web.savedrequest.RequestCacheAwareFilter@279f9384, org.springframework.security.web.servletapi.SecurityContextHolderAwareRequestFilter@389fe9a0, org.springframework.security.web.authentication.AnonymousAuthenticationFilter@32f669ca, org.springframework.security.web.access.ExceptionTranslationFilter@fd5d5c8, org.springframework.security.web.access.intercept.AuthorizationFilter@46f52e7c]
2024-01-17T12:51:27.642+09:00  INFO 9684 --- [restartedMain] o.s.b.d.a.OptionalLiveReloadServer       : LiveReload server is running on port 35729
2024-01-17T12:51:27.663+09:00  INFO 9684 --- [restartedMain] o.s.b.w.embedded.tomcat.TomcatWebServer  : Tomcat started on port 8080 (http) with context path ''
2024-01-17T12:51:27.668+09:00  INFO 9684 --- [restartedMain] com.rmsoft.RmsoftApplication             : Started RmsoftApplication in 1.887 seconds (process running for 2.4)
2024-01-17T12:51:34.734+09:00  INFO 9684 --- [http-nio-8080-exec-1] o.a.c.c.C.[Tomcat].[localhost].[/]       : Initializing Spring DispatcherServlet 'dispatcherServlet'
2024-01-17T12:51:34.734+09:00  INFO 9684 --- [http-nio-8080-exec-1] o.s.web.servlet.DispatcherServlet        : Initializing Servlet 'dispatcherServlet'
2024-01-17T12:51:34.735+09:00  INFO 9684 --- [http-nio-8080-exec-1] o.s.web.servlet.DispatcherServlet        : Completed initialization in 1 ms
2024-01-17T12:51:43.137+09:00  INFO 9684 --- [http-nio-8080-exec-7] c.rmsoft.security.SecurityUserService    : username : user
2024-01-17T12:51:43.166+09:00  INFO 9684 --- [http-nio-8080-exec-7] com.zaxxer.hikari.HikariDataSource       : HikariPool-1 - Starting...
2024-01-17T12:51:43.776+09:00  INFO 9684 --- [http-nio-8080-exec-7] com.zaxxer.hikari.pool.HikariPool        : HikariPool-1 - Added connection com.mysql.cj.jdbc.ConnectionImpl@23e920f
2024-01-17T12:51:43.781+09:00  INFO 9684 --- [http-nio-8080-exec-7] com.zaxxer.hikari.HikariDataSource       : HikariPool-1 - Start completed.
2024-01-17T12:51:43.864+09:00  INFO 9684 --- [http-nio-8080-exec-7] c.rmsoft.security.SecurityUserService    : userDetails : MyUserDetails(user=UserDTO(uid=user, pass=$2a$10$8E/mbHaCNQ6RjIcyAjIgUuVo3r8zvphcIYBzCPsmB8KOla3bLp1Fy, name=유저, nick=별명, email=user@gmail.com, hp=010-1234-1234, role=USER, zip=12345, addr1=주소1, addr2=주소2, regip=등록 ip, regDate=2024-01-16T00:00, leaveDate=null))
2024-01-17T13:01:57.766+09:00  INFO 9684 --- [SpringApplicationShutdownHook] com.zaxxer.hikari.HikariDataSource       : HikariPool-1 - Shutdown initiated...
2024-01-17T13:01:57.995+09:00  INFO 9684 --- [SpringApplicationShutdownHook] com.zaxxer.hikari.HikariDataSource       : HikariPool-1 - Shutdown completed.
2024-01-17T13:02:01.466+09:00  INFO 16584 --- [restartedMain] com.rmsoft.RmsoftApplication             : Starting RmsoftApplication using Java 17.0.7 with PID 16584 (C:\Users\wjdal\OneDrive\바탕 화면\Workspace\Rmsoft\build\classes\java\main started by 정민 in C:\Users\wjdal\OneDrive\바탕 화면\Workspace\Rmsoft)
2024-01-17T13:02:01.468+09:00  INFO 16584 --- [restartedMain] com.rmsoft.RmsoftApplication             : No active profile set, falling back to 1 default profile: "default"
2024-01-17T13:02:01.494+09:00  INFO 16584 --- [restartedMain] .e.DevToolsPropertyDefaultsPostProcessor : Devtools property defaults active! Set 'spring.devtools.add-properties' to 'false' to disable
2024-01-17T13:02:01.494+09:00  INFO 16584 --- [restartedMain] .e.DevToolsPropertyDefaultsPostProcessor : For additional web related logging consider setting the 'logging.level.web' property to 'DEBUG'
2024-01-17T13:02:02.192+09:00  INFO 16584 --- [restartedMain] o.s.b.w.embedded.tomcat.TomcatWebServer  : Tomcat initialized with port 8080 (http)
2024-01-17T13:02:02.199+09:00  INFO 16584 --- [restartedMain] o.apache.catalina.core.StandardService   : Starting service [Tomcat]
2024-01-17T13:02:02.199+09:00  INFO 16584 --- [restartedMain] o.apache.catalina.core.StandardEngine    : Starting Servlet engine: [Apache Tomcat/10.1.17]
2024-01-17T13:02:02.233+09:00  INFO 16584 --- [restartedMain] o.a.c.c.C.[Tomcat].[localhost].[/]       : Initializing Spring embedded WebApplicationContext
2024-01-17T13:02:02.233+09:00  INFO 16584 --- [restartedMain] w.s.c.ServletWebServerApplicationContext : Root WebApplicationContext: initialization completed in 739 ms
2024-01-17T13:02:02.265+09:00  WARN 16584 --- [restartedMain] o.a.c.c.C.[Tomcat].[localhost].[/]       : Cannot deserialize session attribute [SPRING_SECURITY_CONTEXT] for session [FD539167EC00EE3AD9CBDE6FF4ED6A71]
2024-01-17T13:02:02.559+09:00  INFO 16584 --- [restartedMain] o.s.s.web.DefaultSecurityFilterChain     : Will secure any request with [org.springframework.security.web.session.DisableEncodeUrlFilter@777cc17c, org.springframework.security.web.context.request.async.WebAsyncManagerIntegrationFilter@140145a8, org.springframework.security.web.context.SecurityContextHolderFilter@7e245170, org.springframework.security.web.header.HeaderWriterFilter@176cf41e, org.springframework.web.filter.CorsFilter@10602096, org.springframework.security.web.authentication.logout.LogoutFilter@fcaee09, org.springframework.security.web.authentication.UsernamePasswordAuthenticationFilter@38b7e47f, org.springframework.security.web.savedrequest.RequestCacheAwareFilter@59b70b16, org.springframework.security.web.servletapi.SecurityContextHolderAwareRequestFilter@7fd7faba, org.springframework.security.web.authentication.AnonymousAuthenticationFilter@82be60a, org.springframework.security.web.access.ExceptionTranslationFilter@23170fa, org.springframework.security.web.access.intercept.AuthorizationFilter@18ff6c2f]
2024-01-17T13:02:02.702+09:00  INFO 16584 --- [restartedMain] o.s.b.d.a.OptionalLiveReloadServer       : LiveReload server is running on port 35729
2024-01-17T13:02:02.725+09:00  INFO 16584 --- [restartedMain] o.s.b.w.embedded.tomcat.TomcatWebServer  : Tomcat started on port 8080 (http) with context path ''
2024-01-17T13:02:02.731+09:00  INFO 16584 --- [restartedMain] com.rmsoft.RmsoftApplication             : Started RmsoftApplication in 1.521 seconds (process running for 1.859)
2024-01-17T13:02:21.493+09:00  INFO 16584 --- [http-nio-8080-exec-1] o.a.c.c.C.[Tomcat].[localhost].[/]       : Initializing Spring DispatcherServlet 'dispatcherServlet'
2024-01-17T13:02:21.494+09:00  INFO 16584 --- [http-nio-8080-exec-1] o.s.web.servlet.DispatcherServlet        : Initializing Servlet 'dispatcherServlet'
2024-01-17T13:02:21.495+09:00  INFO 16584 --- [http-nio-8080-exec-1] o.s.web.servlet.DispatcherServlet        : Completed initialization in 1 ms
2024-01-17T13:02:46.501+09:00  INFO 16584 --- [http-nio-8080-exec-10] c.rmsoft.security.SecurityUserService    : username : user
2024-01-17T13:02:46.511+09:00  INFO 16584 --- [http-nio-8080-exec-10] com.zaxxer.hikari.HikariDataSource       : HikariPool-1 - Starting...
2024-01-17T13:02:46.870+09:00  INFO 16584 --- [http-nio-8080-exec-10] com.zaxxer.hikari.pool.HikariPool        : HikariPool-1 - Added connection com.mysql.cj.jdbc.ConnectionImpl@5763ee9f
2024-01-17T13:02:46.875+09:00  INFO 16584 --- [http-nio-8080-exec-10] com.zaxxer.hikari.HikariDataSource       : HikariPool-1 - Start completed.
2024-01-17T13:02:46.935+09:00  INFO 16584 --- [http-nio-8080-exec-10] c.rmsoft.security.SecurityUserService    : userDetails : MyUserDetails(user=UserDTO(uid=user, pass=$2a$10$8E/mbHaCNQ6RjIcyAjIgUuVo3r8zvphcIYBzCPsmB8KOla3bLp1Fy, name=유저, nick=별명, email=user@gmail.com, hp=010-1234-1234, role=USER, zip=12345, addr1=주소1, addr2=주소2, regip=등록 ip, regDate=2024-01-16T00:00, leaveDate=null))
2024-01-17T13:02:46.995+09:00  INFO 16584 --- [http-nio-8080-exec-10] com.rmsoft.security.MyUserDetails        : authorities[ROLE_USER]
2024-01-17T13:09:45.373+09:00  INFO 16584 --- [SpringApplicationShutdownHook] com.zaxxer.hikari.HikariDataSource       : HikariPool-1 - Shutdown initiated...
2024-01-17T13:09:45.523+09:00  INFO 16584 --- [SpringApplicationShutdownHook] com.zaxxer.hikari.HikariDataSource       : HikariPool-1 - Shutdown completed.
2024-01-17T13:09:59.927+09:00  INFO 17516 --- [restartedMain] com.rmsoft.RmsoftApplication             : Starting RmsoftApplication using Java 17.0.7 with PID 17516 (C:\Users\wjdal\OneDrive\바탕 화면\Workspace\Rmsoft\build\classes\java\main started by 정민 in C:\Users\wjdal\OneDrive\바탕 화면\Workspace\Rmsoft)
2024-01-17T13:09:59.929+09:00  INFO 17516 --- [restartedMain] com.rmsoft.RmsoftApplication             : No active profile set, falling back to 1 default profile: "default"
2024-01-17T13:09:59.955+09:00  INFO 17516 --- [restartedMain] .e.DevToolsPropertyDefaultsPostProcessor : Devtools property defaults active! Set 'spring.devtools.add-properties' to 'false' to disable
2024-01-17T13:09:59.956+09:00  INFO 17516 --- [restartedMain] .e.DevToolsPropertyDefaultsPostProcessor : For additional web related logging consider setting the 'logging.level.web' property to 'DEBUG'
2024-01-17T13:10:00.630+09:00  INFO 17516 --- [restartedMain] o.s.b.w.embedded.tomcat.TomcatWebServer  : Tomcat initialized with port 8080 (http)
2024-01-17T13:10:00.636+09:00  INFO 17516 --- [restartedMain] o.apache.catalina.core.StandardService   : Starting service [Tomcat]
2024-01-17T13:10:00.636+09:00  INFO 17516 --- [restartedMain] o.apache.catalina.core.StandardEngine    : Starting Servlet engine: [Apache Tomcat/10.1.17]
2024-01-17T13:10:00.664+09:00  INFO 17516 --- [restartedMain] o.a.c.c.C.[Tomcat].[localhost].[/]       : Initializing Spring embedded WebApplicationContext
2024-01-17T13:10:00.665+09:00  INFO 17516 --- [restartedMain] w.s.c.ServletWebServerApplicationContext : Root WebApplicationContext: initialization completed in 709 ms
2024-01-17T13:10:00.699+09:00  WARN 17516 --- [restartedMain] o.a.c.c.C.[Tomcat].[localhost].[/]       : Cannot deserialize session attribute [SPRING_SECURITY_CONTEXT] for session [952822EE96E8DC9D4CB69D37036B0D6F]
2024-01-17T13:10:00.981+09:00  INFO 17516 --- [restartedMain] o.s.s.web.DefaultSecurityFilterChain     : Will secure any request with [org.springframework.security.web.session.DisableEncodeUrlFilter@513247d8, org.springframework.security.web.context.request.async.WebAsyncManagerIntegrationFilter@308de22a, org.springframework.security.web.context.SecurityContextHolderFilter@82be60a, org.springframework.security.web.header.HeaderWriterFilter@777cc17c, org.springframework.web.filter.CorsFilter@31db876d, org.springframework.security.web.authentication.logout.LogoutFilter@32f669ca, org.springframework.security.web.authentication.UsernamePasswordAuthenticationFilter@371249d2, org.springframework.security.web.savedrequest.RequestCacheAwareFilter@77f8bc6, org.springframework.security.web.servletapi.SecurityContextHolderAwareRequestFilter@160a7f2f, org.springframework.security.web.authentication.AnonymousAuthenticationFilter@7d906766, org.springframework.security.web.access.ExceptionTranslationFilter@2374f22c, org.springframework.security.web.access.intercept.AuthorizationFilter@7b1359a5]
2024-01-17T13:10:01.115+09:00  INFO 17516 --- [restartedMain] o.s.b.d.a.OptionalLiveReloadServer       : LiveReload server is running on port 35729
2024-01-17T13:10:01.139+09:00  INFO 17516 --- [restartedMain] o.s.b.w.embedded.tomcat.TomcatWebServer  : Tomcat started on port 8080 (http) with context path ''
2024-01-17T13:10:01.145+09:00  INFO 17516 --- [restartedMain] com.rmsoft.RmsoftApplication             : Started RmsoftApplication in 1.458 seconds (process running for 1.788)
2024-01-17T13:10:02.981+09:00  INFO 17516 --- [http-nio-8080-exec-1] o.a.c.c.C.[Tomcat].[localhost].[/]       : Initializing Spring DispatcherServlet 'dispatcherServlet'
2024-01-17T13:10:02.981+09:00  INFO 17516 --- [http-nio-8080-exec-1] o.s.web.servlet.DispatcherServlet        : Initializing Servlet 'dispatcherServlet'
2024-01-17T13:10:02.982+09:00  INFO 17516 --- [http-nio-8080-exec-1] o.s.web.servlet.DispatcherServlet        : Completed initialization in 1 ms
2024-01-17T13:10:11.918+09:00  INFO 17516 --- [http-nio-8080-exec-6] c.rmsoft.security.SecurityUserService    : username : user
2024-01-17T13:10:11.928+09:00  INFO 17516 --- [http-nio-8080-exec-6] com.zaxxer.hikari.HikariDataSource       : HikariPool-1 - Starting...
2024-01-17T13:10:12.260+09:00  INFO 17516 --- [http-nio-8080-exec-6] com.zaxxer.hikari.pool.HikariPool        : HikariPool-1 - Added connection com.mysql.cj.jdbc.ConnectionImpl@844977e
2024-01-17T13:10:12.264+09:00  INFO 17516 --- [http-nio-8080-exec-6] com.zaxxer.hikari.HikariDataSource       : HikariPool-1 - Start completed.
2024-01-17T13:10:12.313+09:00  INFO 17516 --- [http-nio-8080-exec-6] c.rmsoft.security.SecurityUserService    : userDetails : MyUserDetails(user=UserDTO(uid=user, pass=$2a$10$8E/mbHaCNQ6RjIcyAjIgUuVo3r8zvphcIYBzCPsmB8KOla3bLp1Fy, name=유저, nick=별명, email=user@gmail.com, hp=010-1234-1234, role=USER, zip=12345, addr1=주소1, addr2=주소2, regip=등록 ip, regDate=2024-01-16T00:00, leaveDate=null))
2024-01-17T13:10:12.372+09:00  INFO 17516 --- [http-nio-8080-exec-6] com.rmsoft.security.MyUserDetails        : authorities[ROLE_USER]
2024-01-17T13:10:12.389+09:00  INFO 17516 --- [http-nio-8080-exec-5] com.rmsoft.controller.MainController     : 로그인 완료~~~~~~~~~~~~~~~~
2024-01-17T13:10:12.394+09:00  INFO 17516 --- [http-nio-8080-exec-5] c.r.c.subscribe.SubscribeController      : 서비스 현황 나와라!!!!!!!!1
2024-01-17T13:12:53.981+09:00  INFO 17516 --- [http-nio-8080-exec-3] com.rmsoft.controller.MainController     : 로그인 완료~~~~~~~~~~~~~~~~
2024-01-17T13:12:53.983+09:00  INFO 17516 --- [http-nio-8080-exec-3] c.r.c.subscribe.SubscribeController      : 서비스 현황 나와라!!!!!!!!1
2024-01-17T13:13:02.607+09:00  INFO 17516 --- [http-nio-8080-exec-5] com.rmsoft.controller.MainController     : 로그인 완료~~~~~~~~~~~~~~~~
2024-01-17T13:13:02.608+09:00  INFO 17516 --- [http-nio-8080-exec-5] c.r.c.subscribe.SubscribeController      : 서비스 현황 나와라!!!!!!!!1
2024-01-17T13:21:26.822+09:00  INFO 17516 --- [http-nio-8080-exec-9] c.rmsoft.security.SecurityUserService    : username : user
2024-01-17T13:21:26.849+09:00  INFO 17516 --- [http-nio-8080-exec-9] c.rmsoft.security.SecurityUserService    : userDetails : MyUserDetails(user=UserDTO(uid=user, pass=$2a$10$8E/mbHaCNQ6RjIcyAjIgUuVo3r8zvphcIYBzCPsmB8KOla3bLp1Fy, name=유저, nick=별명, email=user@gmail.com, hp=010-1234-1234, role=USER, zip=12345, addr1=주소1, addr2=주소2, regip=등록 ip, regDate=2024-01-16T00:00, leaveDate=null))
2024-01-17T13:21:26.921+09:00  INFO 17516 --- [http-nio-8080-exec-9] com.rmsoft.security.MyUserDetails        : authorities[ROLE_USER]
2024-01-17T13:21:26.927+09:00  INFO 17516 --- [http-nio-8080-exec-1] com.rmsoft.controller.MainController     : 로그인 완료~~~~~~~~~~~~~~~~
2024-01-17T13:21:26.928+09:00  INFO 17516 --- [http-nio-8080-exec-1] c.r.c.subscribe.SubscribeController      : 서비스 현황 나와라!!!!!!!!1
2024-01-17T13:21:28.365+09:00  INFO 17516 --- [File Watcher] rtingClassPathChangeChangedEventListener : Restarting due to 17 class path changes (0 additions, 0 deletions, 17 modifications)
2024-01-17T13:21:28.380+09:00  INFO 17516 --- [Thread-5] com.zaxxer.hikari.HikariDataSource       : HikariPool-1 - Shutdown initiated...
2024-01-17T13:21:28.546+09:00  INFO 17516 --- [Thread-5] com.zaxxer.hikari.HikariDataSource       : HikariPool-1 - Shutdown completed.
2024-01-17T13:21:28.630+09:00  INFO 17516 --- [restartedMain] com.rmsoft.RmsoftApplication             : Starting RmsoftApplication using Java 17.0.7 with PID 17516 (C:\Users\wjdal\OneDrive\바탕 화면\Workspace\Rmsoft\build\classes\java\main started by 정민 in C:\Users\wjdal\OneDrive\바탕 화면\Workspace\Rmsoft)
2024-01-17T13:21:28.631+09:00  INFO 17516 --- [restartedMain] com.rmsoft.RmsoftApplication             : No active profile set, falling back to 1 default profile: "default"
2024-01-17T13:21:28.887+09:00  INFO 17516 --- [restartedMain] o.s.b.w.embedded.tomcat.TomcatWebServer  : Tomcat initialized with port 8080 (http)
2024-01-17T13:21:28.888+09:00  INFO 17516 --- [restartedMain] o.apache.catalina.core.StandardService   : Starting service [Tomcat]
2024-01-17T13:21:28.889+09:00  INFO 17516 --- [restartedMain] o.apache.catalina.core.StandardEngine    : Starting Servlet engine: [Apache Tomcat/10.1.17]
2024-01-17T13:21:28.910+09:00  INFO 17516 --- [restartedMain] o.a.c.c.C.[Tomcat].[localhost].[/]       : Initializing Spring embedded WebApplicationContext
2024-01-17T13:21:28.910+09:00  INFO 17516 --- [restartedMain] w.s.c.ServletWebServerApplicationContext : Root WebApplicationContext: initialization completed in 276 ms
2024-01-17T13:21:28.929+09:00  WARN 17516 --- [restartedMain] o.a.c.c.C.[Tomcat].[localhost].[/]       : Cannot deserialize session attribute [SPRING_SECURITY_CONTEXT] for session [A38724BED707EDCB986075028538A91C]
2024-01-17T13:21:28.932+09:00 ERROR 17516 --- [restartedMain] o.a.catalina.session.StandardManager     : Exception loading sessions from persistent storage

java.io.StreamCorruptedException: invalid type code: 00
	at java.base/java.io.ObjectInputStream.readObject0(ObjectInputStream.java:1775) ~[na:na]
	at java.base/java.io.ObjectInputStream$FieldValues.<init>(ObjectInputStream.java:2617) ~[na:na]
	at java.base/java.io.ObjectInputStream.defaultReadObject(ObjectInputStream.java:652) ~[na:na]
	at java.base/java.lang.Throwable.readObject(Throwable.java:912) ~[na:na]
	at java.base/jdk.internal.reflect.NativeMethodAccessorImpl.invoke0(Native Method) ~[na:na]
	at java.base/jdk.internal.reflect.NativeMethodAccessorImpl.invoke(NativeMethodAccessorImpl.java:77) ~[na:na]
	at java.base/jdk.internal.reflect.DelegatingMethodAccessorImpl.invoke(DelegatingMethodAccessorImpl.java:43) ~[na:na]
	at java.base/java.lang.reflect.Method.invoke(Method.java:568) ~[na:na]
	at java.base/java.io.ObjectStreamClass.invokeReadObject(ObjectStreamClass.java:1104) ~[na:na]
	at java.base/java.io.ObjectInputStream.readSerialData(ObjectInputStream.java:2434) ~[na:na]
	at java.base/java.io.ObjectInputStream.readOrdinaryObject(ObjectInputStream.java:2268) ~[na:na]
	at java.base/java.io.ObjectInputStream.readObject0(ObjectInputStream.java:1744) ~[na:na]
	at java.base/java.io.ObjectInputStream.readObject(ObjectInputStream.java:514) ~[na:na]
	at java.base/java.io.ObjectInputStream.readObject(ObjectInputStream.java:472) ~[na:na]
	at org.apache.catalina.session.StandardSession.doReadObject(StandardSession.java:1348) ~[tomcat-embed-core-10.1.17.jar:10.1.17]
	at org.apache.catalina.session.StandardSession.readObjectData(StandardSession.java:985) ~[tomcat-embed-core-10.1.17.jar:10.1.17]
	at org.apache.catalina.session.StandardManager.doLoad(StandardManager.java:210) ~[tomcat-embed-core-10.1.17.jar:10.1.17]
	at org.apache.catalina.session.StandardManager.load(StandardManager.java:156) ~[tomcat-embed-core-10.1.17.jar:10.1.17]
	at org.apache.catalina.session.StandardManager.startInternal(StandardManager.java:346) ~[tomcat-embed-core-10.1.17.jar:10.1.17]
	at org.apache.catalina.util.LifecycleBase.start(LifecycleBase.java:171) ~[tomcat-embed-core-10.1.17.jar:10.1.17]
	at org.apache.catalina.core.StandardContext.startInternal(StandardContext.java:4877) ~[tomcat-embed-core-10.1.17.jar:10.1.17]
	at org.apache.catalina.util.LifecycleBase.start(LifecycleBase.java:171) ~[tomcat-embed-core-10.1.17.jar:10.1.17]
	at org.apache.catalina.core.ContainerBase$StartChild.call(ContainerBase.java:1332) ~[tomcat-embed-core-10.1.17.jar:10.1.17]
	at org.apache.catalina.core.ContainerBase$StartChild.call(ContainerBase.java:1322) ~[tomcat-embed-core-10.1.17.jar:10.1.17]
	at java.base/java.util.concurrent.FutureTask.run(FutureTask.java:264) ~[na:na]
	at org.apache.tomcat.util.threads.InlineExecutorService.execute(InlineExecutorService.java:75) ~[tomcat-embed-core-10.1.17.jar:10.1.17]
	at java.base/java.util.concurrent.AbstractExecutorService.submit(AbstractExecutorService.java:145) ~[na:na]
	at org.apache.catalina.core.ContainerBase.startInternal(ContainerBase.java:866) ~[tomcat-embed-core-10.1.17.jar:10.1.17]
	at org.apache.catalina.core.StandardHost.startInternal(StandardHost.java:845) ~[tomcat-embed-core-10.1.17.jar:10.1.17]
	at org.apache.catalina.util.LifecycleBase.start(LifecycleBase.java:171) ~[tomcat-embed-core-10.1.17.jar:10.1.17]
	at org.apache.catalina.core.ContainerBase$StartChild.call(ContainerBase.java:1332) ~[tomcat-embed-core-10.1.17.jar:10.1.17]
	at org.apache.catalina.core.ContainerBase$StartChild.call(ContainerBase.java:1322) ~[tomcat-embed-core-10.1.17.jar:10.1.17]
	at java.base/java.util.concurrent.FutureTask.run(FutureTask.java:264) ~[na:na]
	at org.apache.tomcat.util.threads.InlineExecutorService.execute(InlineExecutorService.java:75) ~[tomcat-embed-core-10.1.17.jar:10.1.17]
	at java.base/java.util.concurrent.AbstractExecutorService.submit(AbstractExecutorService.java:145) ~[na:na]
	at org.apache.catalina.core.ContainerBase.startInternal(ContainerBase.java:866) ~[tomcat-embed-core-10.1.17.jar:10.1.17]
	at org.apache.catalina.core.StandardEngine.startInternal(StandardEngine.java:240) ~[tomcat-embed-core-10.1.17.jar:10.1.17]
	at org.apache.catalina.util.LifecycleBase.start(LifecycleBase.java:171) ~[tomcat-embed-core-10.1.17.jar:10.1.17]
	at org.apache.catalina.core.StandardService.startInternal(StandardService.java:433) ~[tomcat-embed-core-10.1.17.jar:10.1.17]
	at org.apache.catalina.util.LifecycleBase.start(LifecycleBase.java:171) ~[tomcat-embed-core-10.1.17.jar:10.1.17]
	at org.apache.catalina.core.StandardServer.startInternal(StandardServer.java:917) ~[tomcat-embed-core-10.1.17.jar:10.1.17]
	at org.apache.catalina.util.LifecycleBase.start(LifecycleBase.java:171) ~[tomcat-embed-core-10.1.17.jar:10.1.17]
	at org.apache.catalina.startup.Tomcat.start(Tomcat.java:488) ~[tomcat-embed-core-10.1.17.jar:10.1.17]
	at org.springframework.boot.web.embedded.tomcat.TomcatWebServer.initialize(TomcatWebServer.java:126) ~[spring-boot-3.2.1.jar:3.2.1]
	at org.springframework.boot.web.embedded.tomcat.TomcatWebServer.<init>(TomcatWebServer.java:105) ~[spring-boot-3.2.1.jar:3.2.1]
	at org.springframework.boot.web.embedded.tomcat.TomcatServletWebServerFactory.getTomcatWebServer(TomcatServletWebServerFactory.java:499) ~[spring-boot-3.2.1.jar:3.2.1]
	at org.springframework.boot.web.embedded.tomcat.TomcatServletWebServerFactory.getWebServer(TomcatServletWebServerFactory.java:218) ~[spring-boot-3.2.1.jar:3.2.1]
	at org.springframework.boot.web.servlet.context.ServletWebServerApplicationContext.createWebServer(ServletWebServerApplicationContext.java:188) ~[spring-boot-3.2.1.jar:3.2.1]
	at org.springframework.boot.web.servlet.context.ServletWebServerApplicationContext.onRefresh(ServletWebServerApplicationContext.java:162) ~[spring-boot-3.2.1.jar:3.2.1]
	at org.springframework.context.support.AbstractApplicationContext.refresh(AbstractApplicationContext.java:619) ~[spring-context-6.1.2.jar:6.1.2]
	at org.springframework.boot.web.servlet.context.ServletWebServerApplicationContext.refresh(ServletWebServerApplicationContext.java:146) ~[spring-boot-3.2.1.jar:3.2.1]
	at org.springframework.boot.SpringApplication.refresh(SpringApplication.java:762) ~[spring-boot-3.2.1.jar:3.2.1]
	at org.springframework.boot.SpringApplication.refreshContext(SpringApplication.java:464) ~[spring-boot-3.2.1.jar:3.2.1]
	at org.springframework.boot.SpringApplication.run(SpringApplication.java:334) ~[spring-boot-3.2.1.jar:3.2.1]
	at org.springframework.boot.SpringApplication.run(SpringApplication.java:1358) ~[spring-boot-3.2.1.jar:3.2.1]
	at org.springframework.boot.SpringApplication.run(SpringApplication.java:1347) ~[spring-boot-3.2.1.jar:3.2.1]
	at com.rmsoft.RmsoftApplication.main(RmsoftApplication.java:10) ~[main/:na]
	at java.base/jdk.internal.reflect.NativeMethodAccessorImpl.invoke0(Native Method) ~[na:na]
	at java.base/jdk.internal.reflect.NativeMethodAccessorImpl.invoke(NativeMethodAccessorImpl.java:77) ~[na:na]
	at java.base/jdk.internal.reflect.DelegatingMethodAccessorImpl.invoke(DelegatingMethodAccessorImpl.java:43) ~[na:na]
	at java.base/java.lang.reflect.Method.invoke(Method.java:568) ~[na:na]
	at org.springframework.boot.devtools.restart.RestartLauncher.run(RestartLauncher.java:50) ~[spring-boot-devtools-3.2.1.jar:3.2.1]

2024-01-17T13:21:29.091+09:00  INFO 17516 --- [restartedMain] o.s.s.web.DefaultSecurityFilterChain     : Will secure any request with [org.springframework.security.web.session.DisableEncodeUrlFilter@21764647, org.springframework.security.web.context.request.async.WebAsyncManagerIntegrationFilter@16cd1d95, org.springframework.security.web.context.SecurityContextHolderFilter@4338a5bb, org.springframework.security.web.header.HeaderWriterFilter@407e1d82, org.springframework.web.filter.CorsFilter@7032f6dd, org.springframework.security.web.authentication.logout.LogoutFilter@392644c0, org.springframework.security.web.authentication.UsernamePasswordAuthenticationFilter@27cf65be, org.springframework.security.web.savedrequest.RequestCacheAwareFilter@1e7ef7f0, org.springframework.security.web.servletapi.SecurityContextHolderAwareRequestFilter@663f090b, org.springframework.security.web.authentication.AnonymousAuthenticationFilter@395446ab, org.springframework.security.web.access.ExceptionTranslationFilter@a1e44f0, org.springframework.security.web.access.intercept.AuthorizationFilter@6de48971]
2024-01-17T13:21:29.205+09:00  INFO 17516 --- [restartedMain] o.s.b.d.a.OptionalLiveReloadServer       : LiveReload server is running on port 35729
2024-01-17T13:21:29.222+09:00  INFO 17516 --- [restartedMain] o.s.b.w.embedded.tomcat.TomcatWebServer  : Tomcat started on port 8080 (http) with context path ''
2024-01-17T13:21:29.229+09:00  INFO 17516 --- [restartedMain] com.rmsoft.RmsoftApplication             : Started RmsoftApplication in 0.624 seconds (process running for 689.872)
2024-01-17T13:21:29.232+09:00  INFO 17516 --- [restartedMain] .ConditionEvaluationDeltaLoggingListener : Condition evaluation unchanged
2024-01-17T13:22:21.171+09:00  INFO 17020 --- [restartedMain] com.rmsoft.RmsoftApplication             : Starting RmsoftApplication using Java 17.0.7 with PID 17020 (C:\Users\wjdal\OneDrive\바탕 화면\Workspace\Rmsoft\build\classes\java\main started by 정민 in C:\Users\wjdal\OneDrive\바탕 화면\Workspace\Rmsoft)
2024-01-17T13:22:21.172+09:00  INFO 17020 --- [restartedMain] com.rmsoft.RmsoftApplication             : No active profile set, falling back to 1 default profile: "default"
2024-01-17T13:22:21.199+09:00  INFO 17020 --- [restartedMain] .e.DevToolsPropertyDefaultsPostProcessor : Devtools property defaults active! Set 'spring.devtools.add-properties' to 'false' to disable
2024-01-17T13:22:21.199+09:00  INFO 17020 --- [restartedMain] .e.DevToolsPropertyDefaultsPostProcessor : For additional web related logging consider setting the 'logging.level.web' property to 'DEBUG'
2024-01-17T13:22:21.869+09:00  INFO 17020 --- [restartedMain] o.s.b.w.embedded.tomcat.TomcatWebServer  : Tomcat initialized with port 8080 (http)
2024-01-17T13:22:21.876+09:00  INFO 17020 --- [restartedMain] o.apache.catalina.core.StandardService   : Starting service [Tomcat]
2024-01-17T13:22:21.876+09:00  INFO 17020 --- [restartedMain] o.apache.catalina.core.StandardEngine    : Starting Servlet engine: [Apache Tomcat/10.1.17]
2024-01-17T13:22:21.903+09:00  INFO 17020 --- [restartedMain] o.a.c.c.C.[Tomcat].[localhost].[/]       : Initializing Spring embedded WebApplicationContext
2024-01-17T13:22:21.904+09:00  INFO 17020 --- [restartedMain] w.s.c.ServletWebServerApplicationContext : Root WebApplicationContext: initialization completed in 704 ms
2024-01-17T13:22:22.208+09:00  INFO 17020 --- [restartedMain] o.s.s.web.DefaultSecurityFilterChain     : Will secure any request with [org.springframework.security.web.session.DisableEncodeUrlFilter@6e1d187d, org.springframework.security.web.context.request.async.WebAsyncManagerIntegrationFilter@4430ba43, org.springframework.security.web.context.SecurityContextHolderFilter@19c06d40, org.springframework.security.web.header.HeaderWriterFilter@416576a5, org.springframework.web.filter.CorsFilter@28c82af2, org.springframework.security.web.authentication.logout.LogoutFilter@59b70b16, org.springframework.security.web.authentication.UsernamePasswordAuthenticationFilter@4f7355a2, org.springframework.security.web.savedrequest.RequestCacheAwareFilter@752862a4, org.springframework.security.web.servletapi.SecurityContextHolderAwareRequestFilter@f2d1432, org.springframework.security.web.authentication.AnonymousAuthenticationFilter@992d1b6, org.springframework.security.web.access.ExceptionTranslationFilter@302f6650, org.springframework.security.web.access.intercept.AuthorizationFilter@2050055]
2024-01-17T13:22:22.356+09:00  INFO 17020 --- [restartedMain] o.s.b.d.a.OptionalLiveReloadServer       : LiveReload server is running on port 35729
2024-01-17T13:22:22.377+09:00  INFO 17020 --- [restartedMain] o.s.b.w.embedded.tomcat.TomcatWebServer  : Tomcat started on port 8080 (http) with context path ''
2024-01-17T13:22:22.383+09:00  INFO 17020 --- [restartedMain] com.rmsoft.RmsoftApplication             : Started RmsoftApplication in 1.465 seconds (process running for 1.796)
2024-01-17T13:22:32.222+09:00  INFO 17020 --- [http-nio-8080-exec-1] o.a.c.c.C.[Tomcat].[localhost].[/]       : Initializing Spring DispatcherServlet 'dispatcherServlet'
2024-01-17T13:22:32.222+09:00  INFO 17020 --- [http-nio-8080-exec-1] o.s.web.servlet.DispatcherServlet        : Initializing Servlet 'dispatcherServlet'
2024-01-17T13:22:32.223+09:00  INFO 17020 --- [http-nio-8080-exec-1] o.s.web.servlet.DispatcherServlet        : Completed initialization in 1 ms
2024-01-17T13:22:39.077+09:00  INFO 17020 --- [http-nio-8080-exec-10] c.rmsoft.security.SecurityUserService    : username : user
2024-01-17T13:22:39.087+09:00  INFO 17020 --- [http-nio-8080-exec-10] com.zaxxer.hikari.HikariDataSource       : HikariPool-1 - Starting...
2024-01-17T13:22:39.460+09:00  INFO 17020 --- [http-nio-8080-exec-10] com.zaxxer.hikari.pool.HikariPool        : HikariPool-1 - Added connection com.mysql.cj.jdbc.ConnectionImpl@3e103d2f
2024-01-17T13:22:39.465+09:00  INFO 17020 --- [http-nio-8080-exec-10] com.zaxxer.hikari.HikariDataSource       : HikariPool-1 - Start completed.
2024-01-17T13:22:39.535+09:00  INFO 17020 --- [http-nio-8080-exec-10] c.rmsoft.security.SecurityUserService    : userDetails : MyUserDetails(user=UserDTO(uid=user, pass=$2a$10$8E/mbHaCNQ6RjIcyAjIgUuVo3r8zvphcIYBzCPsmB8KOla3bLp1Fy, name=유저, nick=별명, email=user@gmail.com, hp=010-1234-1234, role=USER, zip=12345, addr1=주소1, addr2=주소2, regip=등록 ip, regDate=2024-01-16T00:00, leaveDate=null))
2024-01-17T13:22:39.597+09:00  INFO 17020 --- [http-nio-8080-exec-10] com.rmsoft.security.MyUserDetails        : authorities[ROLE_USER]
2024-01-17T13:22:39.614+09:00  INFO 17020 --- [http-nio-8080-exec-9] com.rmsoft.controller.MainController     : 로그인 완료~~~~~~~~~~~~~~~~
2024-01-17T13:22:39.618+09:00  INFO 17020 --- [http-nio-8080-exec-9] c.r.c.subscribe.SubscribeController      : 서비스 현황 나와라!!!!!!!!1
2024-01-17T13:24:42.878+09:00  INFO 17020 --- [File Watcher] rtingClassPathChangeChangedEventListener : Restarting due to 185 class path changes (0 additions, 0 deletions, 185 modifications)
2024-01-17T13:24:42.890+09:00  INFO 17020 --- [Thread-5] com.zaxxer.hikari.HikariDataSource       : HikariPool-1 - Shutdown initiated...
2024-01-17T13:24:43.077+09:00  INFO 17020 --- [Thread-5] com.zaxxer.hikari.HikariDataSource       : HikariPool-1 - Shutdown completed.
2024-01-17T13:24:43.135+09:00  INFO 17020 --- [restartedMain] com.rmsoft.RmsoftApplication             : Starting RmsoftApplication using Java 17.0.7 with PID 17020 (C:\Users\wjdal\OneDrive\바탕 화면\Workspace\Rmsoft\build\classes\java\main started by 정민 in C:\Users\wjdal\OneDrive\바탕 화면\Workspace\Rmsoft)
2024-01-17T13:24:43.135+09:00  INFO 17020 --- [restartedMain] com.rmsoft.RmsoftApplication             : No active profile set, falling back to 1 default profile: "default"
2024-01-17T13:24:43.285+09:00  INFO 17020 --- [restartedMain] o.s.b.w.embedded.tomcat.TomcatWebServer  : Tomcat initialized with port 8080 (http)
2024-01-17T13:24:43.285+09:00  INFO 17020 --- [restartedMain] o.apache.catalina.core.StandardService   : Starting service [Tomcat]
2024-01-17T13:24:43.286+09:00  INFO 17020 --- [restartedMain] o.apache.catalina.core.StandardEngine    : Starting Servlet engine: [Apache Tomcat/10.1.17]
2024-01-17T13:24:43.294+09:00  INFO 17020 --- [restartedMain] o.a.c.c.C.[Tomcat].[localhost].[/]       : Initializing Spring embedded WebApplicationContext
2024-01-17T13:24:43.294+09:00  INFO 17020 --- [restartedMain] w.s.c.ServletWebServerApplicationContext : Root WebApplicationContext: initialization completed in 157 ms
2024-01-17T13:24:43.302+09:00  WARN 17020 --- [restartedMain] o.a.c.c.C.[Tomcat].[localhost].[/]       : Cannot deserialize session attribute [SPRING_SECURITY_CONTEXT] for session [4AEC7B4F021683D48FC91CAF34EE51B3]
2024-01-17T13:24:43.367+09:00  INFO 17020 --- [restartedMain] o.s.s.web.DefaultSecurityFilterChain     : Will secure any request with [org.springframework.security.web.session.DisableEncodeUrlFilter@66d48482, org.springframework.security.web.context.request.async.WebAsyncManagerIntegrationFilter@2be5f5ef, org.springframework.security.web.context.SecurityContextHolderFilter@25bd6bf3, org.springframework.security.web.header.HeaderWriterFilter@2a95614a, org.springframework.web.filter.CorsFilter@71bf664c, org.springframework.security.web.authentication.logout.LogoutFilter@582e90a9, org.springframework.security.web.authentication.UsernamePasswordAuthenticationFilter@4e77f998, org.springframework.security.web.savedrequest.RequestCacheAwareFilter@5339ab01, org.springframework.security.web.servletapi.SecurityContextHolderAwareRequestFilter@963f589, org.springframework.security.web.authentication.AnonymousAuthenticationFilter@ed30ef8, org.springframework.security.web.access.ExceptionTranslationFilter@72e51cab, org.springframework.security.web.access.intercept.AuthorizationFilter@3db84576]
2024-01-17T13:24:43.399+09:00  INFO 17020 --- [restartedMain] o.s.b.d.a.OptionalLiveReloadServer       : LiveReload server is running on port 35729
2024-01-17T13:24:43.405+09:00  INFO 17020 --- [restartedMain] o.s.b.w.embedded.tomcat.TomcatWebServer  : Tomcat started on port 8080 (http) with context path ''
2024-01-17T13:24:43.407+09:00  INFO 17020 --- [restartedMain] com.rmsoft.RmsoftApplication             : Started RmsoftApplication in 0.293 seconds (process running for 142.821)
2024-01-17T13:24:43.408+09:00  INFO 17020 --- [restartedMain] .ConditionEvaluationDeltaLoggingListener : Condition evaluation unchanged
2024-01-17T13:31:25.172+09:00  INFO 15604 --- [restartedMain] com.rmsoft.RmsoftApplication             : Starting RmsoftApplication using Java 17.0.7 with PID 15604 (C:\Users\wjdal\OneDrive\바탕 화면\Workspace\Rmsoft\build\classes\java\main started by 정민 in C:\Users\wjdal\OneDrive\바탕 화면\Workspace\Rmsoft)
2024-01-17T13:31:25.177+09:00  INFO 15604 --- [restartedMain] com.rmsoft.RmsoftApplication             : No active profile set, falling back to 1 default profile: "default"
2024-01-17T13:31:25.244+09:00  INFO 15604 --- [restartedMain] .e.DevToolsPropertyDefaultsPostProcessor : Devtools property defaults active! Set 'spring.devtools.add-properties' to 'false' to disable
2024-01-17T13:31:25.244+09:00  INFO 15604 --- [restartedMain] .e.DevToolsPropertyDefaultsPostProcessor : For additional web related logging consider setting the 'logging.level.web' property to 'DEBUG'
2024-01-17T13:31:26.737+09:00  INFO 15604 --- [restartedMain] o.s.b.w.embedded.tomcat.TomcatWebServer  : Tomcat initialized with port 8080 (http)
2024-01-17T13:31:26.753+09:00  INFO 15604 --- [restartedMain] o.apache.catalina.core.StandardService   : Starting service [Tomcat]
2024-01-17T13:31:26.754+09:00  INFO 15604 --- [restartedMain] o.apache.catalina.core.StandardEngine    : Starting Servlet engine: [Apache Tomcat/10.1.17]
2024-01-17T13:31:26.831+09:00  INFO 15604 --- [restartedMain] o.a.c.c.C.[Tomcat].[localhost].[/]       : Initializing Spring embedded WebApplicationContext
2024-01-17T13:31:26.832+09:00  INFO 15604 --- [restartedMain] w.s.c.ServletWebServerApplicationContext : Root WebApplicationContext: initialization completed in 1587 ms
2024-01-17T13:31:27.507+09:00  INFO 15604 --- [restartedMain] o.s.s.web.DefaultSecurityFilterChain     : Will secure any request with [org.springframework.security.web.session.DisableEncodeUrlFilter@480f34c1, org.springframework.security.web.context.request.async.WebAsyncManagerIntegrationFilter@4f7355a2, org.springframework.security.web.context.SecurityContextHolderFilter@52ba3b8a, org.springframework.security.web.header.HeaderWriterFilter@6357f662, org.springframework.web.filter.CorsFilter@3c6515ad, org.springframework.security.web.authentication.logout.LogoutFilter@2fbd4534, org.springframework.security.web.authentication.UsernamePasswordAuthenticationFilter@4c68b8d4, org.springframework.security.web.savedrequest.RequestCacheAwareFilter@7b9c8db2, org.springframework.security.web.servletapi.SecurityContextHolderAwareRequestFilter@707d9710, org.springframework.security.web.authentication.AnonymousAuthenticationFilter@5c226834, org.springframework.security.web.access.ExceptionTranslationFilter@39b7456d, org.springframework.security.web.access.intercept.AuthorizationFilter@23a48be1]
2024-01-17T13:31:27.893+09:00  INFO 15604 --- [restartedMain] o.s.b.d.a.OptionalLiveReloadServer       : LiveReload server is running on port 35729
2024-01-17T13:31:27.954+09:00  INFO 15604 --- [restartedMain] o.s.b.w.embedded.tomcat.TomcatWebServer  : Tomcat started on port 8080 (http) with context path ''
2024-01-17T13:31:27.970+09:00  INFO 15604 --- [restartedMain] com.rmsoft.RmsoftApplication             : Started RmsoftApplication in 3.521 seconds (process running for 4.477)
2024-01-17T13:31:28.172+09:00  INFO 15604 --- [http-nio-8080-exec-1] o.a.c.c.C.[Tomcat].[localhost].[/]       : Initializing Spring DispatcherServlet 'dispatcherServlet'
2024-01-17T13:31:28.172+09:00  INFO 15604 --- [http-nio-8080-exec-1] o.s.web.servlet.DispatcherServlet        : Initializing Servlet 'dispatcherServlet'
2024-01-17T13:31:28.174+09:00  INFO 15604 --- [http-nio-8080-exec-1] o.s.web.servlet.DispatcherServlet        : Completed initialization in 1 ms
2024-01-17T13:31:39.611+09:00  INFO 15604 --- [http-nio-8080-exec-2] c.rmsoft.security.SecurityUserService    : username : user
2024-01-17T13:31:39.657+09:00  INFO 15604 --- [http-nio-8080-exec-2] com.zaxxer.hikari.HikariDataSource       : HikariPool-1 - Starting...
2024-01-17T13:31:40.566+09:00  INFO 15604 --- [http-nio-8080-exec-2] com.zaxxer.hikari.pool.HikariPool        : HikariPool-1 - Added connection com.mysql.cj.jdbc.ConnectionImpl@69c1fab
2024-01-17T13:31:40.571+09:00  INFO 15604 --- [http-nio-8080-exec-2] com.zaxxer.hikari.HikariDataSource       : HikariPool-1 - Start completed.
2024-01-17T13:31:40.729+09:00  INFO 15604 --- [http-nio-8080-exec-2] c.rmsoft.security.SecurityUserService    : userDetails : MyUserDetails(user=UserDTO(uid=user, pass=$2a$10$8E/mbHaCNQ6RjIcyAjIgUuVo3r8zvphcIYBzCPsmB8KOla3bLp1Fy, name=유저, nick=별명, email=user@gmail.com, hp=010-1234-1234, role=USER, zip=12345, addr1=주소1, addr2=주소2, regip=등록 ip, regDate=2024-01-16T00:00, leaveDate=null))
2024-01-17T13:31:40.947+09:00  INFO 15604 --- [http-nio-8080-exec-2] com.rmsoft.security.MyUserDetails        : authorities[ROLE_USER]
2024-01-17T13:31:41.011+09:00  INFO 15604 --- [http-nio-8080-exec-4] com.rmsoft.controller.MainController     : 로그인 완료~~~~~~~~~~~~~~~~
2024-01-17T13:31:41.028+09:00  INFO 15604 --- [http-nio-8080-exec-4] c.r.c.subscribe.SubscribeController      : 서비스 현황 나와라!!!!!!!!1
2024-01-17T13:34:29.233+09:00  INFO 15604 --- [SpringApplicationShutdownHook] com.zaxxer.hikari.HikariDataSource       : HikariPool-1 - Shutdown initiated...
2024-01-17T13:34:29.407+09:00  INFO 15604 --- [SpringApplicationShutdownHook] com.zaxxer.hikari.HikariDataSource       : HikariPool-1 - Shutdown completed.
2024-01-17T13:34:31.445+09:00  INFO 2672 --- [restartedMain] com.rmsoft.RmsoftApplication             : Starting RmsoftApplication using Java 17.0.7 with PID 2672 (C:\Users\wjdal\OneDrive\바탕 화면\Workspace\Rmsoft\build\classes\java\main started by 정민 in C:\Users\wjdal\OneDrive\바탕 화면\Workspace\Rmsoft)
2024-01-17T13:34:31.447+09:00  INFO 2672 --- [restartedMain] com.rmsoft.RmsoftApplication             : No active profile set, falling back to 1 default profile: "default"
2024-01-17T13:34:31.482+09:00  INFO 2672 --- [restartedMain] .e.DevToolsPropertyDefaultsPostProcessor : Devtools property defaults active! Set 'spring.devtools.add-properties' to 'false' to disable
2024-01-17T13:34:31.482+09:00  INFO 2672 --- [restartedMain] .e.DevToolsPropertyDefaultsPostProcessor : For additional web related logging consider setting the 'logging.level.web' property to 'DEBUG'
2024-01-17T13:34:32.204+09:00  INFO 2672 --- [restartedMain] o.s.b.w.embedded.tomcat.TomcatWebServer  : Tomcat initialized with port 8080 (http)
2024-01-17T13:34:32.211+09:00  INFO 2672 --- [restartedMain] o.apache.catalina.core.StandardService   : Starting service [Tomcat]
2024-01-17T13:34:32.211+09:00  INFO 2672 --- [restartedMain] o.apache.catalina.core.StandardEngine    : Starting Servlet engine: [Apache Tomcat/10.1.17]
2024-01-17T13:34:32.240+09:00  INFO 2672 --- [restartedMain] o.a.c.c.C.[Tomcat].[localhost].[/]       : Initializing Spring embedded WebApplicationContext
2024-01-17T13:34:32.240+09:00  INFO 2672 --- [restartedMain] w.s.c.ServletWebServerApplicationContext : Root WebApplicationContext: initialization completed in 757 ms
2024-01-17T13:34:32.274+09:00  WARN 2672 --- [restartedMain] o.a.c.c.C.[Tomcat].[localhost].[/]       : Cannot deserialize session attribute [SPRING_SECURITY_CONTEXT] for session [D1C4578A3E1E3D5CC796F27903496B15]
2024-01-17T13:34:32.574+09:00  INFO 2672 --- [restartedMain] o.s.s.web.DefaultSecurityFilterChain     : Will secure any request with [org.springframework.security.web.session.DisableEncodeUrlFilter@6195ab29, org.springframework.security.web.context.request.async.WebAsyncManagerIntegrationFilter@79bce7f8, org.springframework.security.web.context.SecurityContextHolderFilter@6a71d42a, org.springframework.security.web.header.HeaderWriterFilter@2cedc2db, org.springframework.web.filter.CorsFilter@cb055ae, org.springframework.security.web.authentication.logout.LogoutFilter@2374f22c, org.springframework.security.web.authentication.UsernamePasswordAuthenticationFilter@19cdb152, org.springframework.security.web.savedrequest.RequestCacheAwareFilter@400425ba, org.springframework.security.web.servletapi.SecurityContextHolderAwareRequestFilter@2050055, org.springframework.security.web.authentication.AnonymousAuthenticationFilter@67f350de, org.springframework.security.web.access.ExceptionTranslationFilter@6d3af64d, org.springframework.security.web.access.intercept.AuthorizationFilter@53b96112]
2024-01-17T13:34:32.720+09:00  INFO 2672 --- [restartedMain] o.s.b.d.a.OptionalLiveReloadServer       : LiveReload server is running on port 35729
2024-01-17T13:34:32.742+09:00  INFO 2672 --- [restartedMain] o.s.b.w.embedded.tomcat.TomcatWebServer  : Tomcat started on port 8080 (http) with context path ''
2024-01-17T13:34:32.748+09:00  INFO 2672 --- [restartedMain] com.rmsoft.RmsoftApplication             : Started RmsoftApplication in 1.688 seconds (process running for 2.128)
2024-01-17T13:34:32.859+09:00  INFO 2672 --- [http-nio-8080-exec-1] o.a.c.c.C.[Tomcat].[localhost].[/]       : Initializing Spring DispatcherServlet 'dispatcherServlet'
2024-01-17T13:34:32.859+09:00  INFO 2672 --- [http-nio-8080-exec-1] o.s.web.servlet.DispatcherServlet        : Initializing Servlet 'dispatcherServlet'
2024-01-17T13:34:32.860+09:00  INFO 2672 --- [http-nio-8080-exec-1] o.s.web.servlet.DispatcherServlet        : Completed initialization in 1 ms
2024-01-17T13:34:36.460+09:00  INFO 2672 --- [http-nio-8080-exec-3] c.rmsoft.security.SecurityUserService    : username : user
2024-01-17T13:34:36.470+09:00  INFO 2672 --- [http-nio-8080-exec-3] com.zaxxer.hikari.HikariDataSource       : HikariPool-1 - Starting...
2024-01-17T13:34:36.778+09:00  INFO 2672 --- [http-nio-8080-exec-3] com.zaxxer.hikari.pool.HikariPool        : HikariPool-1 - Added connection com.mysql.cj.jdbc.ConnectionImpl@7a24e3a
2024-01-17T13:34:36.779+09:00  INFO 2672 --- [http-nio-8080-exec-3] com.zaxxer.hikari.HikariDataSource       : HikariPool-1 - Start completed.
2024-01-17T13:34:36.822+09:00  INFO 2672 --- [http-nio-8080-exec-3] c.rmsoft.security.SecurityUserService    : userDetails : MyUserDetails(user=UserDTO(uid=user, pass=$2a$10$8E/mbHaCNQ6RjIcyAjIgUuVo3r8zvphcIYBzCPsmB8KOla3bLp1Fy, name=유저, nick=별명, email=user@gmail.com, hp=010-1234-1234, role=USER, zip=12345, addr1=주소1, addr2=주소2, regip=등록 ip, regDate=2024-01-16T00:00, leaveDate=null))
2024-01-17T13:34:36.878+09:00  INFO 2672 --- [http-nio-8080-exec-3] com.rmsoft.security.MyUserDetails        : authorities[ROLE_USER]
2024-01-17T13:34:36.895+09:00  INFO 2672 --- [http-nio-8080-exec-4] com.rmsoft.controller.MainController     : 로그인 완료~~~~~~~~~~~~~~~~
2024-01-17T13:34:36.899+09:00  INFO 2672 --- [http-nio-8080-exec-4] c.r.c.subscribe.SubscribeController      : 서비스 현황 나와라!!!!!!!!1
2024-01-17T13:53:02.302+09:00  INFO 2672 --- [File Watcher] rtingClassPathChangeChangedEventListener : Restarting due to 185 class path changes (0 additions, 0 deletions, 185 modifications)
2024-01-17T13:53:02.320+09:00  INFO 2672 --- [Thread-5] com.zaxxer.hikari.HikariDataSource       : HikariPool-1 - Shutdown initiated...
2024-01-17T13:53:02.496+09:00  INFO 2672 --- [Thread-5] com.zaxxer.hikari.HikariDataSource       : HikariPool-1 - Shutdown completed.
2024-01-17T13:53:02.563+09:00  INFO 2672 --- [restartedMain] com.rmsoft.RmsoftApplication             : Starting RmsoftApplication using Java 17.0.7 with PID 2672 (C:\Users\wjdal\OneDrive\바탕 화면\Workspace\Rmsoft\build\classes\java\main started by 정민 in C:\Users\wjdal\OneDrive\바탕 화면\Workspace\Rmsoft)
2024-01-17T13:53:02.563+09:00  INFO 2672 --- [restartedMain] com.rmsoft.RmsoftApplication             : No active profile set, falling back to 1 default profile: "default"
2024-01-17T13:53:02.715+09:00  INFO 2672 --- [restartedMain] o.s.b.w.embedded.tomcat.TomcatWebServer  : Tomcat initialized with port 8080 (http)
2024-01-17T13:53:02.716+09:00  INFO 2672 --- [restartedMain] o.apache.catalina.core.StandardService   : Starting service [Tomcat]
2024-01-17T13:53:02.716+09:00  INFO 2672 --- [restartedMain] o.apache.catalina.core.StandardEngine    : Starting Servlet engine: [Apache Tomcat/10.1.17]
2024-01-17T13:53:02.727+09:00  INFO 2672 --- [restartedMain] o.a.c.c.C.[Tomcat].[localhost].[/]       : Initializing Spring embedded WebApplicationContext
2024-01-17T13:53:02.727+09:00  INFO 2672 --- [restartedMain] w.s.c.ServletWebServerApplicationContext : Root WebApplicationContext: initialization completed in 163 ms
2024-01-17T13:53:02.734+09:00  WARN 2672 --- [restartedMain] o.a.c.c.C.[Tomcat].[localhost].[/]       : Cannot deserialize session attribute [SPRING_SECURITY_CONTEXT] for session [32C44F376BDE2EBBD3FBCB370AFBF8EF]
2024-01-17T13:53:02.803+09:00  INFO 2672 --- [restartedMain] o.s.s.web.DefaultSecurityFilterChain     : Will secure any request with [org.springframework.security.web.session.DisableEncodeUrlFilter@400060f9, org.springframework.security.web.context.request.async.WebAsyncManagerIntegrationFilter@5bde4d84, org.springframework.security.web.context.SecurityContextHolderFilter@62ecaa4a, org.springframework.security.web.header.HeaderWriterFilter@793a38f7, org.springframework.web.filter.CorsFilter@63479f1a, org.springframework.security.web.authentication.logout.LogoutFilter@6188d1e9, org.springframework.security.web.authentication.UsernamePasswordAuthenticationFilter@7aa52445, org.springframework.security.web.savedrequest.RequestCacheAwareFilter@2246afa5, org.springframework.security.web.servletapi.SecurityContextHolderAwareRequestFilter@59c84fc2, org.springframework.security.web.authentication.AnonymousAuthenticationFilter@2cb7b5ab, org.springframework.security.web.access.ExceptionTranslationFilter@387861be, org.springframework.security.web.access.intercept.AuthorizationFilter@437189d0]
2024-01-17T13:53:02.831+09:00  INFO 2672 --- [restartedMain] o.s.b.d.a.OptionalLiveReloadServer       : LiveReload server is running on port 35729
2024-01-17T13:53:02.837+09:00  INFO 2672 --- [restartedMain] o.s.b.w.embedded.tomcat.TomcatWebServer  : Tomcat started on port 8080 (http) with context path ''
2024-01-17T13:53:02.839+09:00  INFO 2672 --- [restartedMain] com.rmsoft.RmsoftApplication             : Started RmsoftApplication in 0.296 seconds (process running for 1112.22)
2024-01-17T13:53:02.841+09:00  INFO 2672 --- [restartedMain] .ConditionEvaluationDeltaLoggingListener : Condition evaluation unchanged
